TN:
SF:src/achdScraper.ts
FN:20,fetchACHDHourlyData
FN:46,(anonymous_8)
FN:50,(anonymous_9)
FN:137,getHistoricalDataForChart
FN:166,(anonymous_11)
FN:171,(anonymous_12)
FN:187,pm25ToAQI
FNF:7
FNH:0
FNDA:0,fetchACHDHourlyData
FNDA:0,(anonymous_8)
FNDA:0,(anonymous_9)
FNDA:0,getHistoricalDataForChart
FNDA:0,(anonymous_11)
FNDA:0,(anonymous_12)
FNDA:0,pm25ToAQI
DA:5,1
DA:6,1
DA:20,1
DA:25,0
DA:26,0
DA:29,0
DA:31,0
DA:38,0
DA:42,0
DA:46,0
DA:47,0
DA:49,0
DA:50,0
DA:51,0
DA:53,0
DA:54,0
DA:57,0
DA:59,0
DA:60,0
DA:71,0
DA:72,0
DA:81,0
DA:83,0
DA:84,0
DA:87,0
DA:89,0
DA:90,0
DA:91,0
DA:94,0
DA:95,0
DA:96,0
DA:106,0
DA:107,0
DA:114,0
DA:119,0
DA:122,0
DA:125,0
DA:137,1
DA:141,0
DA:142,0
DA:144,0
DA:145,0
DA:149,0
DA:151,0
DA:152,0
DA:154,0
DA:155,0
DA:158,0
DA:159,0
DA:160,0
DA:164,0
DA:166,0
DA:171,0
DA:173,0
DA:179,0
DA:180,0
DA:188,0
DA:189,0
DA:190,0
DA:191,0
DA:192,0
LF:61
LH:4
BRDA:49,0,0,0
BRDA:49,0,1,0
BRDA:53,1,0,0
BRDA:53,1,1,0
BRDA:59,2,0,0
BRDA:59,2,1,0
BRDA:71,3,0,0
BRDA:71,3,1,0
BRDA:84,4,0,0
BRDA:84,4,1,0
BRDA:89,5,0,0
BRDA:89,5,1,0
BRDA:95,6,0,0
BRDA:95,6,1,0
BRDA:95,7,0,0
BRDA:95,7,1,0
BRDA:97,8,0,0
BRDA:97,8,1,0
BRDA:98,9,0,0
BRDA:98,9,1,0
BRDA:98,9,2,0
BRDA:106,10,0,0
BRDA:106,10,1,0
BRDA:137,11,0,0
BRDA:144,12,0,0
BRDA:144,12,1,0
BRDA:144,13,0,0
BRDA:144,13,1,0
BRDA:154,14,0,0
BRDA:154,14,1,0
BRDA:188,15,0,0
BRDA:188,15,1,0
BRDA:189,16,0,0
BRDA:189,16,1,0
BRDA:190,17,0,0
BRDA:190,17,1,0
BRDA:191,18,0,0
BRDA:191,18,1,0
BRF:38
BRH:0
end_of_record
TN:
SF:src/acqdDataService.ts
FN:55,fetchACHDPM25
FN:97,fetchACHDDashboardData
FN:130,getMonValleyAirQuality
FN:155,pm25ToAQI
FNF:4
FNH:0
FNDA:0,fetchACHDPM25
FNDA:0,fetchACHDDashboardData
FNDA:0,getMonValleyAirQuality
FNDA:0,pm25ToAQI
DA:5,1
DA:6,1
DA:26,1
DA:46,1
DA:55,1
DA:56,0
DA:58,0
DA:59,0
DA:61,0
DA:63,0
DA:72,0
DA:73,0
DA:75,0
DA:78,0
DA:97,1
DA:98,0
DA:103,0
DA:117,0
DA:118,0
DA:130,1
DA:131,0
DA:133,0
DA:135,0
DA:136,0
DA:140,0
DA:142,0
DA:143,0
DA:155,1
DA:157,0
DA:158,0
DA:159,0
DA:160,0
DA:161,0
DA:162,0
DA:163,0
DA:164,0
DA:165,0
DA:166,0
DA:167,0
DA:168,0
DA:170,0
DA:174,1
LF:42
LH:9
BRDA:61,0,0,0
BRDA:61,0,1,0
BRDA:61,1,0,0
BRDA:61,1,1,0
BRDA:135,2,0,0
BRDA:135,2,1,0
BRDA:135,3,0,0
BRDA:135,3,1,0
BRDA:157,4,0,0
BRDA:157,4,1,0
BRDA:159,5,0,0
BRDA:159,5,1,0
BRDA:161,6,0,0
BRDA:161,6,1,0
BRDA:163,7,0,0
BRDA:163,7,1,0
BRDA:165,8,0,0
BRDA:165,8,1,0
BRDA:167,9,0,0
BRDA:167,9,1,0
BRF:20
BRH:0
end_of_record
TN:
SF:src/aggregateHealthData.ts
FN:100,getZipCodeFromLocation
FN:116,getSeverityCategory
FN:125,calculateCorrelationScore
FN:148,aggregateDailyReports
FN:161,(anonymous_10)
FN:180,(anonymous_11)
FN:183,(anonymous_12)
FN:224,aggregateWeeklyReports
FN:238,(anonymous_14)
FN:257,(anonymous_15)
FN:259,(anonymous_16)
FN:299,aggregateMonthlyReports
FN:313,(anonymous_18)
FN:332,(anonymous_19)
FN:334,(anonymous_20)
FN:368,(anonymous_21)
FN:409,(anonymous_22)
FN:439,(anonymous_23)
FN:472,(anonymous_24)
FN:500,(anonymous_25)
FN:519,(anonymous_26)
FN:532,(anonymous_27)
FNF:22
FNH:4
FNDA:0,getZipCodeFromLocation
FNDA:0,getSeverityCategory
FNDA:3,calculateCorrelationScore
FNDA:1,aggregateDailyReports
FNDA:0,(anonymous_10)
FNDA:0,(anonymous_11)
FNDA:0,(anonymous_12)
FNDA:1,aggregateWeeklyReports
FNDA:0,(anonymous_14)
FNDA:0,(anonymous_15)
FNDA:0,(anonymous_16)
FNDA:1,aggregateMonthlyReports
FNDA:0,(anonymous_18)
FNDA:0,(anonymous_19)
FNDA:0,(anonymous_20)
FNDA:0,(anonymous_21)
FNDA:0,(anonymous_22)
FNDA:0,(anonymous_23)
FNDA:0,(anonymous_24)
FNDA:0,(anonymous_25)
FNDA:0,(anonymous_26)
FNDA:0,(anonymous_27)
DA:10,2
DA:11,2
DA:103,0
DA:104,0
DA:105,0
DA:106,0
DA:107,0
DA:108,0
DA:109,0
DA:110,0
DA:112,0
DA:117,0
DA:118,0
DA:119,0
DA:120,0
DA:121,0
DA:129,3
DA:132,3
DA:135,3
DA:136,3
DA:138,3
DA:140,0
DA:141,0
DA:148,2
DA:149,1
DA:150,1
DA:151,1
DA:152,1
DA:155,1
DA:161,1
DA:162,0
DA:163,0
DA:170,1
DA:171,1
DA:178,1
DA:180,1
DA:182,0
DA:183,0
DA:184,0
DA:189,0
DA:190,0
DA:193,0
DA:194,0
DA:195,0
DA:200,1
DA:202,1
DA:218,1
DA:224,2
DA:225,1
DA:226,1
DA:227,1
DA:228,1
DA:229,1
DA:232,1
DA:238,1
DA:239,0
DA:240,0
DA:247,1
DA:248,1
DA:255,1
DA:257,1
DA:258,0
DA:259,0
DA:260,0
DA:263,0
DA:264,0
DA:265,0
DA:266,0
DA:267,0
DA:271,1
DA:273,1
DA:275,1
DA:293,1
DA:299,2
DA:300,1
DA:301,1
DA:302,1
DA:303,1
DA:304,1
DA:307,1
DA:313,1
DA:314,0
DA:315,0
DA:322,1
DA:323,1
DA:330,1
DA:332,1
DA:333,0
DA:334,0
DA:335,0
DA:338,0
DA:339,0
DA:340,0
DA:341,0
DA:342,0
DA:346,1
DA:349,1
DA:350,1
DA:352,1
DA:353,1
DA:355,1
DA:356,1
DA:361,1
DA:362,0
DA:363,0
DA:368,0
DA:369,0
DA:370,0
DA:376,0
DA:379,1
DA:380,1
DA:401,1
DA:407,2
DA:410,0
DA:411,0
DA:412,0
DA:413,0
DA:415,0
DA:417,0
DA:420,0
DA:425,0
DA:427,0
DA:429,0
DA:430,0
DA:437,2
DA:440,0
DA:441,0
DA:442,0
DA:443,0
DA:444,0
DA:445,0
DA:446,0
DA:448,0
DA:450,0
DA:453,0
DA:458,0
DA:460,0
DA:462,0
DA:463,0
DA:470,2
DA:473,0
DA:474,0
DA:475,0
DA:476,0
DA:478,0
DA:480,0
DA:483,0
DA:488,0
DA:490,0
DA:492,0
DA:493,0
DA:500,2
DA:501,0
DA:502,0
DA:504,0
DA:505,0
DA:506,0
DA:511,0
DA:512,0
DA:513,0
DA:514,0
DA:518,0
DA:519,0
DA:520,0
DA:521,0
DA:522,0
DA:523,0
DA:524,0
DA:526,0
DA:527,0
DA:531,0
DA:532,0
DA:533,0
DA:534,0
DA:535,0
DA:537,0
DA:538,0
DA:544,0
DA:551,0
DA:552,0
LF:180
LH:64
BRDA:103,0,0,0
BRDA:103,0,1,0
BRDA:103,1,0,0
BRDA:103,1,1,0
BRDA:103,1,2,0
BRDA:103,1,3,0
BRDA:105,2,0,0
BRDA:105,2,1,0
BRDA:105,3,0,0
BRDA:105,3,1,0
BRDA:105,3,2,0
BRDA:105,3,3,0
BRDA:107,4,0,0
BRDA:107,4,1,0
BRDA:107,5,0,0
BRDA:107,5,1,0
BRDA:107,5,2,0
BRDA:107,5,3,0
BRDA:109,6,0,0
BRDA:109,6,1,0
BRDA:109,7,0,0
BRDA:109,7,1,0
BRDA:109,7,2,0
BRDA:109,7,3,0
BRDA:117,8,0,0
BRDA:117,8,1,0
BRDA:118,9,0,0
BRDA:118,9,1,0
BRDA:119,10,0,0
BRDA:119,10,1,0
BRDA:120,11,0,0
BRDA:120,11,1,0
BRDA:182,12,0,0
BRDA:182,12,1,0
BRDA:182,13,0,0
BRDA:182,13,1,0
BRDA:184,14,0,0
BRDA:184,14,1,0
BRDA:189,15,0,0
BRDA:189,15,1,0
BRDA:193,16,0,0
BRDA:193,16,1,0
BRDA:195,17,0,0
BRDA:195,17,1,0
BRDA:258,18,0,0
BRDA:258,18,1,0
BRDA:258,19,0,0
BRDA:258,19,1,0
BRDA:260,20,0,0
BRDA:260,20,1,0
BRDA:263,21,0,0
BRDA:263,21,1,0
BRDA:265,22,0,0
BRDA:265,22,1,0
BRDA:267,23,0,0
BRDA:267,23,1,0
BRDA:333,24,0,0
BRDA:333,24,1,0
BRDA:333,25,0,0
BRDA:333,25,1,0
BRDA:335,26,0,0
BRDA:335,26,1,0
BRDA:338,27,0,0
BRDA:338,27,1,0
BRDA:340,28,0,0
BRDA:340,28,1,0
BRDA:342,29,0,0
BRDA:342,29,1,0
BRDA:361,30,0,0
BRDA:361,30,1,1
BRDA:363,31,0,0
BRDA:363,31,1,0
BRDA:369,32,0,0
BRDA:369,32,1,0
BRDA:370,33,0,0
BRDA:370,33,1,0
BRDA:443,34,0,0
BRDA:443,34,1,0
BRDA:504,35,0,0
BRDA:504,35,1,0
BRDA:504,36,0,0
BRDA:504,36,1,0
BRDA:511,37,0,0
BRDA:511,37,1,0
BRDA:512,38,0,0
BRDA:512,38,1,0
BRDA:518,39,0,0
BRDA:518,39,1,0
BRDA:519,40,0,0
BRDA:519,40,1,0
BRDA:522,41,0,0
BRDA:522,41,1,0
BRDA:531,42,0,0
BRDA:531,42,1,0
BRDA:532,43,0,0
BRDA:532,43,1,0
BRF:96
BRH:1
end_of_record
TN:
SF:src/auditLogging.ts
FN:47,hashSensitiveData
FN:59,logAuditEvent
FN:114,logHealthDataAccess
FN:149,logAggregateDataAccess
FN:184,logExportEvent
FN:219,getAuditLogs
FN:256,(anonymous_12)
FN:262,(anonymous_13)
FN:309,(anonymous_14)
FN:328,(anonymous_15)
FN:342,(anonymous_16)
FN:356,(anonymous_17)
FNF:12
FNH:0
FNDA:0,hashSensitiveData
FNDA:0,logAuditEvent
FNDA:0,logHealthDataAccess
FNDA:0,logAggregateDataAccess
FNDA:0,logExportEvent
FNDA:0,getAuditLogs
FNDA:0,(anonymous_12)
FNDA:0,(anonymous_13)
FNDA:0,(anonymous_14)
FNDA:0,(anonymous_15)
FNDA:0,(anonymous_16)
FNDA:0,(anonymous_17)
DA:8,1
DA:9,1
DA:48,0
DA:49,0
DA:59,1
DA:73,0
DA:74,0
DA:100,0
DA:104,0
DA:106,0
DA:114,1
DA:127,0
DA:149,1
DA:162,0
DA:184,1
DA:197,0
DA:219,1
DA:229,0
DA:231,0
DA:232,0
DA:234,0
DA:235,0
DA:237,0
DA:238,0
DA:240,0
DA:241,0
DA:243,0
DA:244,0
DA:247,0
DA:249,0
DA:250,0
DA:252,0
DA:255,0
DA:256,0
DA:262,1
DA:263,0
DA:265,0
DA:266,0
DA:268,0
DA:269,0
DA:270,0
DA:273,0
DA:274,0
DA:277,0
DA:290,0
DA:296,0
DA:297,0
DA:307,1
DA:310,0
DA:311,0
DA:315,0
DA:316,0
DA:317,0
DA:320,0
DA:327,0
DA:328,0
DA:329,0
DA:331,0
DA:334,0
DA:341,0
DA:342,0
DA:343,0
DA:345,0
DA:348,0
DA:355,0
DA:356,0
DA:357,0
DA:359,0
DA:361,0
DA:362,0
DA:364,0
DA:366,0
DA:367,0
LF:73
LH:9
BRDA:51,0,0,0
BRDA:51,0,1,0
BRDA:82,1,0,0
BRDA:82,1,1,0
BRDA:83,2,0,0
BRDA:83,2,1,0
BRDA:86,3,0,0
BRDA:86,3,1,0
BRDA:87,4,0,0
BRDA:87,4,1,0
BRDA:87,5,0,0
BRDA:87,5,1,0
BRDA:88,6,0,0
BRDA:88,6,1,0
BRDA:89,7,0,0
BRDA:89,7,1,0
BRDA:89,8,0,0
BRDA:89,8,1,0
BRDA:90,9,0,0
BRDA:90,9,1,0
BRDA:94,10,0,0
BRDA:94,10,1,0
BRDA:231,11,0,0
BRDA:231,11,1,0
BRDA:234,12,0,0
BRDA:234,12,1,0
BRDA:237,13,0,0
BRDA:237,13,1,0
BRDA:240,14,0,0
BRDA:240,14,1,0
BRDA:243,15,0,0
BRDA:243,15,1,0
BRDA:249,16,0,0
BRDA:249,16,1,0
BRDA:268,17,0,0
BRDA:268,17,1,0
BRDA:268,18,0,0
BRDA:268,18,1,0
BRF:38
BRH:0
end_of_record
TN:
SF:src/automatedRegulatoryReporting.ts
FN:52,generateRegulatoryReport
FN:83,(anonymous_7)
FN:89,(anonymous_8)
FN:105,(anonymous_9)
FN:125,(anonymous_10)
FN:179,storeRegulatoryReport
FN:189,sendRegulatoryReport
FN:211,(anonymous_13)
FN:263,(anonymous_14)
FN:313,(anonymous_15)
FNF:10
FNH:0
FNDA:0,generateRegulatoryReport
FNDA:0,(anonymous_7)
FNDA:0,(anonymous_8)
FNDA:0,(anonymous_9)
FNDA:0,(anonymous_10)
FNDA:0,storeRegulatoryReport
FNDA:0,sendRegulatoryReport
FNDA:0,(anonymous_13)
FNDA:0,(anonymous_14)
FNDA:0,(anonymous_15)
DA:8,1
DA:9,1
DA:10,1
DA:57,0
DA:58,0
DA:59,0
DA:62,0
DA:69,0
DA:70,0
DA:71,0
DA:78,0
DA:79,0
DA:80,0
DA:81,0
DA:83,0
DA:84,0
DA:85,0
DA:88,0
DA:89,0
DA:90,0
DA:95,0
DA:96,0
DA:97,0
DA:98,0
DA:99,0
DA:100,0
DA:104,0
DA:105,0
DA:106,0
DA:111,0
DA:112,0
DA:113,0
DA:115,0
DA:116,0
DA:121,0
DA:125,0
DA:126,0
DA:128,0
DA:130,0
DA:139,0
DA:140,0
DA:141,0
DA:143,0
DA:144,0
DA:146,0
DA:147,0
DA:150,0
DA:173,0
DA:180,0
DA:195,0
DA:196,0
DA:197,0
DA:198,0
DA:209,1
DA:212,0
DA:213,0
DA:214,0
DA:215,0
DA:217,0
DA:218,0
DA:220,0
DA:223,0
DA:225,0
DA:226,0
DA:227,0
DA:228,0
DA:231,0
DA:250,0
DA:251,0
DA:253,0
DA:254,0
DA:261,1
DA:264,0
DA:265,0
DA:266,0
DA:267,0
DA:268,0
DA:270,0
DA:271,0
DA:273,0
DA:275,0
DA:277,0
DA:278,0
DA:279,0
DA:280,0
DA:282,0
DA:302,0
DA:303,0
DA:305,0
DA:306,0
DA:313,1
DA:314,0
DA:315,0
DA:316,0
DA:318,0
DA:319,0
DA:320,0
DA:323,0
DA:325,0
DA:326,0
DA:327,0
DA:330,0
DA:331,0
DA:332,0
DA:335,0
DA:336,0
DA:337,0
DA:339,0
DA:345,0
DA:346,0
LF:110
LH:6
BRDA:85,0,0,0
BRDA:85,0,1,0
BRDA:88,1,0,0
BRDA:88,1,1,0
BRDA:90,2,0,0
BRDA:90,2,1,0
BRDA:90,3,0,0
BRDA:90,3,1,0
BRDA:95,4,0,0
BRDA:95,4,1,0
BRDA:96,5,0,0
BRDA:96,5,1,0
BRDA:97,6,0,0
BRDA:97,6,1,0
BRDA:98,7,0,0
BRDA:98,7,1,0
BRDA:99,8,0,0
BRDA:99,8,1,0
BRDA:100,9,0,0
BRDA:100,9,1,0
BRDA:104,10,0,0
BRDA:104,10,1,0
BRDA:106,11,0,0
BRDA:106,11,1,0
BRDA:106,12,0,0
BRDA:106,12,1,0
BRDA:111,13,0,0
BRDA:111,13,1,0
BRDA:115,14,0,0
BRDA:115,14,1,0
BRDA:115,15,0,0
BRDA:115,15,1,0
BRDA:140,16,0,0
BRDA:140,16,1,0
BRDA:143,17,0,0
BRDA:143,17,1,0
BRDA:146,18,0,0
BRDA:146,18,1,0
BRDA:159,19,0,0
BRDA:159,19,1,0
BRDA:160,20,0,0
BRDA:160,20,1,0
BRDA:318,21,0,0
BRDA:318,21,1,0
BRDA:318,22,0,0
BRDA:318,22,1,0
BRDA:325,23,0,0
BRDA:325,23,1,0
BRDA:325,24,0,0
BRDA:325,24,1,0
BRDA:330,25,0,0
BRDA:330,25,1,0
BRDA:330,26,0,0
BRDA:330,26,1,0
BRF:54
BRH:0
end_of_record
TN:
SF:src/azureDataLake.ts
FN:22,getDataLakeConfig
FN:40,archiveToDataLake
FN:82,archiveOldReports
FN:108,(anonymous_9)
FN:140,(anonymous_10)
FN:159,(anonymous_11)
FN:204,(anonymous_12)
FN:217,(anonymous_13)
FN:251,(anonymous_14)
FN:263,(anonymous_15)
FNF:10
FNH:0
FNDA:0,getDataLakeConfig
FNDA:0,archiveToDataLake
FNDA:0,archiveOldReports
FNDA:0,(anonymous_9)
FNDA:0,(anonymous_10)
FNDA:0,(anonymous_11)
FNDA:0,(anonymous_12)
FNDA:0,(anonymous_13)
FNDA:0,(anonymous_14)
FNDA:0,(anonymous_15)
DA:8,1
DA:9,1
DA:10,1
DA:23,0
DA:24,0
DA:25,0
DA:26,0
DA:29,0
DA:45,0
DA:46,0
DA:47,0
DA:50,0
DA:57,0
DA:58,0
DA:61,0
DA:70,0
DA:71,0
DA:73,0
DA:74,0
DA:83,0
DA:84,0
DA:85,0
DA:88,0
DA:90,0
DA:91,0
DA:93,0
DA:100,0
DA:101,0
DA:102,0
DA:106,0
DA:108,0
DA:109,0
DA:110,0
DA:111,0
DA:113,0
DA:114,0
DA:117,0
DA:124,0
DA:125,0
DA:126,0
DA:128,0
DA:139,0
DA:140,0
DA:141,0
DA:142,0
DA:144,0
DA:146,0
DA:149,0
DA:150,0
DA:157,1
DA:160,0
DA:161,0
DA:162,0
DA:163,0
DA:165,0
DA:170,0
DA:171,0
DA:172,0
DA:175,0
DA:176,0
DA:178,0
DA:191,0
DA:193,0
DA:194,0
DA:202,1
DA:205,0
DA:206,0
DA:207,0
DA:209,0
DA:210,0
DA:217,1
DA:218,0
DA:219,0
DA:220,0
DA:222,0
DA:223,0
DA:224,0
DA:227,0
DA:229,0
DA:230,0
DA:231,0
DA:232,0
DA:235,0
DA:236,0
DA:237,0
DA:244,0
DA:245,0
DA:246,0
DA:250,0
DA:251,0
DA:252,0
DA:253,0
DA:254,0
DA:255,0
DA:256,0
DA:258,0
DA:263,0
DA:264,0
DA:265,0
DA:266,0
DA:268,0
DA:274,0
DA:275,0
DA:276,0
DA:279,0
DA:280,0
DA:282,0
DA:289,0
DA:290,0
LF:109
LH:6
BRDA:24,0,0,0
BRDA:24,0,1,0
BRDA:30,1,0,0
BRDA:30,1,1,0
BRDA:31,2,0,0
BRDA:31,2,1,0
BRDA:46,3,0,0
BRDA:46,3,1,0
BRDA:84,4,0,0
BRDA:84,4,1,0
BRDA:100,5,0,0
BRDA:100,5,1,0
BRDA:113,6,0,0
BRDA:113,6,1,0
BRDA:170,7,0,0
BRDA:170,7,1,0
BRDA:222,8,0,0
BRDA:222,8,1,0
BRDA:222,9,0,0
BRDA:222,9,1,0
BRDA:229,10,0,0
BRDA:229,10,1,0
BRDA:235,11,0,0
BRDA:235,11,1,0
BRDA:235,12,0,0
BRDA:235,12,1,0
BRDA:244,13,0,0
BRDA:244,13,1,0
BRDA:245,14,0,0
BRDA:245,14,1,0
BRDA:250,15,0,0
BRDA:250,15,1,0
BRDA:251,16,0,0
BRDA:251,16,1,0
BRDA:254,17,0,0
BRDA:254,17,1,0
BRDA:263,18,0,0
BRDA:263,18,1,0
BRDA:274,19,0,0
BRDA:274,19,1,0
BRF:40
BRH:0
end_of_record
TN:
SF:src/breachNotification.ts
FN:35,detectBreaches
FN:50,(anonymous_7)
FN:60,(anonymous_8)
FN:71,(anonymous_9)
FN:89,(anonymous_10)
FN:103,(anonymous_11)
FN:128,(anonymous_12)
FN:170,storeBreachEvent
FN:180,sendBreachNotification
FN:217,(anonymous_15)
FN:262,(anonymous_16)
FN:326,(anonymous_17)
FN:351,(anonymous_18)
FNF:13
FNH:0
FNDA:0,detectBreaches
FNDA:0,(anonymous_7)
FNDA:0,(anonymous_8)
FNDA:0,(anonymous_9)
FNDA:0,(anonymous_10)
FNDA:0,(anonymous_11)
FNDA:0,(anonymous_12)
FNDA:0,storeBreachEvent
FNDA:0,sendBreachNotification
FNDA:0,(anonymous_15)
FNDA:0,(anonymous_16)
FNDA:0,(anonymous_17)
FNDA:0,(anonymous_18)
DA:8,1
DA:9,1
DA:10,1
DA:36,0
DA:37,0
DA:38,0
DA:40,0
DA:42,0
DA:49,0
DA:50,0
DA:51,0
DA:52,0
DA:53,0
DA:54,0
DA:56,0
DA:60,0
DA:62,0
DA:63,0
DA:71,0
DA:89,0
DA:90,0
DA:91,0
DA:94,0
DA:95,0
DA:103,0
DA:121,0
DA:128,0
DA:129,0
DA:130,0
DA:132,0
DA:133,0
DA:160,0
DA:162,0
DA:163,0
DA:171,0
DA:187,0
DA:188,0
DA:189,0
DA:190,0
DA:191,0
DA:192,0
DA:202,0
DA:215,1
DA:218,0
DA:219,0
DA:221,0
DA:223,0
DA:224,0
DA:225,0
DA:228,0
DA:230,0
DA:231,0
DA:232,0
DA:235,0
DA:252,0
DA:254,0
DA:255,0
DA:262,1
DA:263,0
DA:264,0
DA:265,0
DA:267,0
DA:268,0
DA:269,0
DA:279,0
DA:281,0
DA:282,0
DA:283,0
DA:286,0
DA:306,0
DA:307,0
DA:309,0
DA:315,0
DA:316,0
DA:326,1
DA:327,0
DA:328,0
DA:329,0
DA:331,0
DA:332,0
DA:333,0
DA:336,0
DA:338,0
DA:341,0
DA:342,0
DA:344,0
DA:345,0
DA:348,0
DA:350,0
DA:351,0
DA:356,0
DA:362,0
DA:363,0
LF:93
LH:6
BRDA:53,0,0,0
BRDA:53,0,1,0
BRDA:62,1,0,0
BRDA:62,1,1,0
BRDA:91,2,0,0
BRDA:91,2,1,0
BRDA:94,3,0,0
BRDA:94,3,1,0
BRDA:130,4,0,0
BRDA:130,4,1,0
BRDA:132,5,0,0
BRDA:132,5,1,0
BRDA:223,6,0,0
BRDA:223,6,1,0
BRDA:267,7,0,0
BRDA:267,7,1,0
BRDA:267,8,0,0
BRDA:267,8,1,0
BRDA:281,9,0,0
BRDA:281,9,1,0
BRDA:281,10,0,0
BRDA:281,10,1,0
BRDA:281,10,2,0
BRDA:292,11,0,0
BRDA:292,11,1,0
BRDA:293,12,0,0
BRDA:293,12,1,0
BRDA:294,13,0,0
BRDA:294,13,1,0
BRDA:331,14,0,0
BRDA:331,14,1,0
BRDA:331,15,0,0
BRDA:331,15,1,0
BRDA:336,16,0,0
BRDA:341,17,0,0
BRDA:341,17,1,0
BRDA:344,18,0,0
BRDA:344,18,1,0
BRF:38
BRH:0
end_of_record
TN:
SF:src/dataIntegrity.ts
FN:17,generateChecksum
FN:28,verifyDataIntegrity
FN:73,addIntegrityChecksum
FN:121,(anonymous_9)
FN:186,(anonymous_10)
FN:224,(anonymous_11)
FNF:6
FNH:0
FNDA:0,generateChecksum
FNDA:0,verifyDataIntegrity
FNDA:0,addIntegrityChecksum
FNDA:0,(anonymous_9)
FNDA:0,(anonymous_10)
FNDA:0,(anonymous_11)
DA:8,1
DA:9,1
DA:10,1
DA:12,1
DA:18,0
DA:19,0
DA:32,0
DA:33,0
DA:38,0
DA:39,0
DA:42,0
DA:43,0
DA:44,0
DA:48,0
DA:49,0
DA:50,0
DA:51,0
DA:54,0
DA:57,0
DA:59,0
DA:65,0
DA:66,0
DA:73,1
DA:77,0
DA:78,0
DA:83,0
DA:84,0
DA:87,0
DA:88,0
DA:89,0
DA:93,0
DA:94,0
DA:95,0
DA:98,0
DA:101,0
DA:109,0
DA:111,0
DA:112,0
DA:119,1
DA:122,0
DA:123,0
DA:126,0
DA:132,0
DA:133,0
DA:134,0
DA:136,0
DA:137,0
DA:139,0
DA:140,0
DA:142,0
DA:143,0
DA:146,0
DA:147,0
DA:150,0
DA:169,0
DA:171,0
DA:172,0
DA:176,0
DA:178,0
DA:179,0
DA:186,1
DA:187,0
DA:188,0
DA:189,0
DA:191,0
DA:192,0
DA:193,0
DA:196,0
DA:198,0
DA:199,0
DA:200,0
DA:203,0
DA:205,0
DA:213,0
DA:214,0
DA:224,1
DA:225,0
DA:226,0
DA:227,0
DA:229,0
DA:230,0
DA:231,0
DA:234,0
DA:236,0
DA:237,0
DA:238,0
DA:241,0
DA:243,0
DA:248,0
DA:249,0
LF:90
LH:8
BRDA:38,0,0,0
BRDA:38,0,1,0
BRDA:43,1,0,0
BRDA:43,1,1,0
BRDA:57,2,0,0
BRDA:57,2,1,0
BRDA:83,3,0,0
BRDA:83,3,1,0
BRDA:88,4,0,0
BRDA:88,4,1,0
BRDA:139,5,0,0
BRDA:139,5,1,0
BRDA:142,6,0,0
BRDA:142,6,1,0
BRDA:171,7,0,0
BRDA:171,7,1,0
BRDA:191,8,0,0
BRDA:191,8,1,0
BRDA:191,9,0,0
BRDA:191,9,1,0
BRDA:198,10,0,0
BRDA:198,10,1,0
BRDA:198,11,0,0
BRDA:198,11,1,0
BRDA:210,12,0,0
BRDA:210,12,1,0
BRDA:229,13,0,0
BRDA:229,13,1,0
BRDA:229,14,0,0
BRDA:229,14,1,0
BRDA:236,15,0,0
BRDA:236,15,1,0
BRDA:236,16,0,0
BRDA:236,16,1,0
BRF:34
BRH:0
end_of_record
TN:
SF:src/exportToBigQuery.ts
FN:24,ensureBigQuerySetup
FN:28,(anonymous_7)
FN:45,(anonymous_8)
FN:90,exportAggregateToBigQuery
FN:144,(anonymous_10)
FN:190,(anonymous_11)
FN:236,(anonymous_12)
FN:278,(anonymous_13)
FN:303,(anonymous_14)
FN:315,(anonymous_15)
FNF:10
FNH:0
FNDA:0,ensureBigQuerySetup
FNDA:0,(anonymous_7)
FNDA:0,(anonymous_8)
FNDA:0,exportAggregateToBigQuery
FNDA:0,(anonymous_10)
FNDA:0,(anonymous_11)
FNDA:0,(anonymous_12)
FNDA:0,(anonymous_13)
FNDA:0,(anonymous_14)
FNDA:0,(anonymous_15)
DA:8,1
DA:9,1
DA:10,1
DA:11,1
DA:14,1
DA:18,1
DA:19,1
DA:25,0
DA:27,0
DA:28,0
DA:30,0
DA:31,0
DA:39,0
DA:43,0
DA:44,0
DA:45,0
DA:47,0
DA:48,0
DA:70,0
DA:79,0
DA:82,0
DA:83,0
DA:94,0
DA:95,0
DA:97,0
DA:98,0
DA:101,0
DA:119,0
DA:120,0
DA:121,0
DA:122,0
DA:123,0
DA:124,0
DA:125,0
DA:129,0
DA:131,0
DA:133,0
DA:134,0
DA:142,1
DA:145,0
DA:146,0
DA:147,0
DA:148,0
DA:151,0
DA:156,0
DA:157,0
DA:158,0
DA:161,0
DA:162,0
DA:165,0
DA:178,0
DA:180,0
DA:181,0
DA:188,1
DA:191,0
DA:192,0
DA:193,0
DA:194,0
DA:195,0
DA:196,0
DA:198,0
DA:203,0
DA:204,0
DA:205,0
DA:208,0
DA:209,0
DA:211,0
DA:224,0
DA:226,0
DA:227,0
DA:234,1
DA:237,0
DA:238,0
DA:239,0
DA:240,0
DA:242,0
DA:247,0
DA:248,0
DA:249,0
DA:252,0
DA:253,0
DA:255,0
DA:268,0
DA:270,0
DA:271,0
DA:278,1
DA:279,0
DA:280,0
DA:281,0
DA:283,0
DA:284,0
DA:285,0
DA:288,0
DA:290,0
DA:291,0
DA:292,0
DA:296,0
DA:297,0
DA:298,0
DA:302,0
DA:303,0
DA:304,0
DA:305,0
DA:306,0
DA:307,0
DA:308,0
DA:310,0
DA:315,0
DA:316,0
DA:317,0
DA:318,0
DA:320,0
DA:326,0
DA:327,0
DA:328,0
DA:331,0
DA:332,0
DA:334,0
DA:341,0
DA:342,0
LF:120
LH:11
BRDA:15,0,0,1
BRDA:15,0,1,1
BRDA:30,1,0,0
BRDA:30,1,1,0
BRDA:47,2,0,0
BRDA:47,2,1,0
BRDA:102,3,0,0
BRDA:102,3,1,0
BRDA:102,3,2,0
BRDA:105,4,0,0
BRDA:105,4,1,0
BRDA:106,5,0,0
BRDA:106,5,1,0
BRDA:107,6,0,0
BRDA:107,6,1,0
BRDA:108,7,0,0
BRDA:108,7,1,0
BRDA:109,8,0,0
BRDA:109,8,1,0
BRDA:110,9,0,0
BRDA:110,9,1,0
BRDA:111,10,0,0
BRDA:111,10,1,0
BRDA:119,11,0,0
BRDA:119,11,1,0
BRDA:122,12,0,0
BRDA:122,12,1,0
BRDA:125,13,0,0
BRDA:125,13,1,0
BRDA:156,14,0,0
BRDA:156,14,1,0
BRDA:194,15,0,0
BRDA:194,15,1,0
BRDA:203,16,0,0
BRDA:203,16,1,0
BRDA:247,17,0,0
BRDA:247,17,1,0
BRDA:283,18,0,0
BRDA:283,18,1,0
BRDA:283,19,0,0
BRDA:283,19,1,0
BRDA:290,20,0,0
BRDA:290,20,1,0
BRDA:290,21,0,0
BRDA:290,21,1,0
BRDA:296,22,0,0
BRDA:296,22,1,0
BRDA:297,23,0,0
BRDA:297,23,1,0
BRDA:302,24,0,0
BRDA:302,24,1,0
BRDA:303,25,0,0
BRDA:303,25,1,0
BRDA:306,26,0,0
BRDA:306,26,1,0
BRDA:315,27,0,0
BRDA:315,27,1,0
BRDA:326,28,0,0
BRDA:326,28,1,0
BRDA:338,29,0,0
BRDA:338,29,1,0
BRF:61
BRH:2
end_of_record
TN:
SF:src/exportToSynapse.ts
FN:25,getSynapseConfig
FN:44,exportAggregateToSynapse
FN:97,(anonymous_8)
FN:139,(anonymous_9)
FN:165,(anonymous_10)
FN:177,(anonymous_11)
FNF:6
FNH:0
FNDA:0,getSynapseConfig
FNDA:0,exportAggregateToSynapse
FNDA:0,(anonymous_8)
FNDA:0,(anonymous_9)
FNDA:0,(anonymous_10)
FNDA:0,(anonymous_11)
DA:8,1
DA:9,1
DA:10,1
DA:26,0
DA:27,0
DA:28,0
DA:29,0
DA:32,0
DA:48,0
DA:49,0
DA:50,0
DA:53,0
DA:59,0
DA:84,0
DA:85,0
DA:87,0
DA:88,0
DA:95,1
DA:98,0
DA:99,0
DA:100,0
DA:101,0
DA:103,0
DA:108,0
DA:109,0
DA:110,0
DA:113,0
DA:114,0
DA:116,0
DA:129,0
DA:131,0
DA:132,0
DA:139,1
DA:140,0
DA:141,0
DA:142,0
DA:144,0
DA:145,0
DA:146,0
DA:149,0
DA:151,0
DA:152,0
DA:153,0
DA:158,0
DA:159,0
DA:160,0
DA:164,0
DA:165,0
DA:166,0
DA:167,0
DA:168,0
DA:169,0
DA:170,0
DA:172,0
DA:177,0
DA:178,0
DA:179,0
DA:180,0
DA:182,0
DA:188,0
DA:189,0
DA:190,0
DA:193,0
DA:194,0
DA:196,0
DA:203,0
DA:204,0
LF:67
LH:5
BRDA:27,0,0,0
BRDA:27,0,1,0
BRDA:33,1,0,0
BRDA:33,1,1,0
BRDA:34,2,0,0
BRDA:34,2,1,0
BRDA:35,3,0,0
BRDA:35,3,1,0
BRDA:49,4,0,0
BRDA:49,4,1,0
BRDA:60,5,0,0
BRDA:60,5,1,0
BRDA:60,5,2,0
BRDA:63,6,0,0
BRDA:63,6,1,0
BRDA:64,7,0,0
BRDA:64,7,1,0
BRDA:65,8,0,0
BRDA:65,8,1,0
BRDA:66,9,0,0
BRDA:66,9,1,0
BRDA:67,10,0,0
BRDA:67,10,1,0
BRDA:68,11,0,0
BRDA:68,11,1,0
BRDA:69,12,0,0
BRDA:69,12,1,0
BRDA:73,13,0,0
BRDA:73,13,1,0
BRDA:74,14,0,0
BRDA:74,14,1,0
BRDA:75,15,0,0
BRDA:75,15,1,0
BRDA:76,16,0,0
BRDA:76,16,1,0
BRDA:77,17,0,0
BRDA:77,17,1,0
BRDA:108,18,0,0
BRDA:108,18,1,0
BRDA:144,19,0,0
BRDA:144,19,1,0
BRDA:144,20,0,0
BRDA:144,20,1,0
BRDA:151,21,0,0
BRDA:151,21,1,0
BRDA:151,22,0,0
BRDA:151,22,1,0
BRDA:158,23,0,0
BRDA:158,23,1,0
BRDA:159,24,0,0
BRDA:159,24,1,0
BRDA:164,25,0,0
BRDA:164,25,1,0
BRDA:165,26,0,0
BRDA:165,26,1,0
BRDA:168,27,0,0
BRDA:168,27,1,0
BRDA:177,28,0,0
BRDA:177,28,1,0
BRDA:188,29,0,0
BRDA:188,29,1,0
BRDA:200,30,0,0
BRDA:200,30,1,0
BRF:63
BRH:0
end_of_record
TN:
SF:src/index.ts
FN:74,retrieveRelevantData
FN:92,(anonymous_9)
FN:93,(anonymous_10)
FN:144,(anonymous_11)
FN:145,(anonymous_12)
FN:196,(anonymous_13)
FN:197,(anonymous_14)
FN:297,(anonymous_15)
FN:332,(anonymous_16)
FN:333,(anonymous_17)
FN:349,(anonymous_18)
FN:350,(anonymous_19)
FN:600,(anonymous_20)
FN:601,(anonymous_21)
FN:636,(anonymous_22)
FN:650,(anonymous_23)
FN:651,(anonymous_24)
FN:657,(anonymous_25)
FN:679,(anonymous_26)
FN:680,(anonymous_27)
FN:718,(anonymous_28)
FN:719,(anonymous_29)
FN:754,validateSymptomReport
FN:790,pseudonymizeReport
FN:821,checkRateLimit
FN:863,(anonymous_33)
FN:864,(anonymous_34)
FN:971,(anonymous_35)
FN:972,(anonymous_36)
FN:997,(anonymous_37)
FN:998,(anonymous_38)
FN:1052,(anonymous_39)
FN:1053,(anonymous_40)
FN:1096,(anonymous_41)
FN:1098,(anonymous_42)
FN:1124,(anonymous_43)
FNF:36
FNH:0
FNDA:0,retrieveRelevantData
FNDA:0,(anonymous_9)
FNDA:0,(anonymous_10)
FNDA:0,(anonymous_11)
FNDA:0,(anonymous_12)
FNDA:0,(anonymous_13)
FNDA:0,(anonymous_14)
FNDA:0,(anonymous_15)
FNDA:0,(anonymous_16)
FNDA:0,(anonymous_17)
FNDA:0,(anonymous_18)
FNDA:0,(anonymous_19)
FNDA:0,(anonymous_20)
FNDA:0,(anonymous_21)
FNDA:0,(anonymous_22)
FNDA:0,(anonymous_23)
FNDA:0,(anonymous_24)
FNDA:0,(anonymous_25)
FNDA:0,(anonymous_26)
FNDA:0,(anonymous_27)
FNDA:0,(anonymous_28)
FNDA:0,(anonymous_29)
FNDA:0,validateSymptomReport
FNDA:0,pseudonymizeReport
FNDA:0,checkRateLimit
FNDA:0,(anonymous_33)
FNDA:0,(anonymous_34)
FNDA:0,(anonymous_35)
FNDA:0,(anonymous_36)
FNDA:0,(anonymous_37)
FNDA:0,(anonymous_38)
FNDA:0,(anonymous_39)
FNDA:0,(anonymous_40)
FNDA:0,(anonymous_41)
FNDA:0,(anonymous_42)
FNDA:0,(anonymous_43)
DA:11,1
DA:12,1
DA:13,1
DA:14,1
DA:15,1
DA:16,1
DA:19,1
DA:20,0
DA:21,0
DA:22,0
DA:26,1
DA:29,1
DA:32,1
DA:75,0
DA:76,0
DA:78,0
DA:79,0
DA:80,0
DA:81,0
DA:82,0
DA:88,0
DA:92,1
DA:93,0
DA:94,0
DA:95,0
DA:97,0
DA:98,0
DA:99,0
DA:101,0
DA:102,0
DA:103,0
DA:107,0
DA:124,0
DA:126,0
DA:133,0
DA:134,0
DA:144,1
DA:145,0
DA:146,0
DA:147,0
DA:149,0
DA:150,0
DA:151,0
DA:153,0
DA:154,0
DA:155,0
DA:159,0
DA:176,0
DA:178,0
DA:185,0
DA:186,0
DA:196,1
DA:197,0
DA:198,0
DA:199,0
DA:200,0
DA:201,0
DA:203,0
DA:205,0
DA:206,0
DA:207,0
DA:208,0
DA:211,0
DA:214,0
DA:215,0
DA:216,0
DA:217,0
DA:219,0
DA:220,0
DA:221,0
DA:227,0
DA:231,0
DA:233,0
DA:234,0
DA:236,0
DA:246,0
DA:247,0
DA:250,0
DA:251,0
DA:263,0
DA:286,0
DA:287,0
DA:288,0
DA:290,0
DA:291,0
DA:292,0
DA:294,0
DA:297,0
DA:302,0
DA:303,0
DA:304,0
DA:305,0
DA:306,0
DA:307,0
DA:308,0
DA:310,0
DA:312,0
DA:321,0
DA:322,0
DA:332,1
DA:333,0
DA:334,0
DA:349,1
DA:350,0
DA:351,0
DA:423,1
DA:600,1
DA:601,0
DA:602,0
DA:604,0
DA:605,0
DA:606,0
DA:607,0
DA:608,0
DA:609,0
DA:613,0
DA:614,0
DA:616,0
DA:617,0
DA:619,0
DA:626,0
DA:629,0
DA:631,0
DA:633,0
DA:636,0
DA:640,0
DA:641,0
DA:650,1
DA:651,0
DA:652,0
DA:653,0
DA:657,0
DA:662,0
DA:669,0
DA:670,0
DA:679,1
DA:680,0
DA:681,0
DA:682,0
DA:684,0
DA:685,0
DA:686,0
DA:689,0
DA:694,0
DA:695,0
DA:696,0
DA:699,0
DA:708,0
DA:709,0
DA:718,1
DA:719,0
DA:720,0
DA:721,0
DA:723,0
DA:724,0
DA:755,0
DA:757,0
DA:758,0
DA:761,0
DA:762,0
DA:765,0
DA:766,0
DA:769,0
DA:770,0
DA:772,0
DA:773,0
DA:775,0
DA:776,0
DA:778,0
DA:779,0
DA:783,0
DA:791,0
DA:794,0
DA:799,0
DA:822,0
DA:826,0
DA:827,0
DA:828,0
DA:830,0
DA:831,0
DA:835,0
DA:838,0
DA:839,0
DA:842,0
DA:843,0
DA:847,0
DA:851,0
DA:852,0
DA:856,0
DA:860,0
DA:863,1
DA:864,0
DA:865,0
DA:867,0
DA:868,0
DA:869,0
DA:872,0
DA:875,0
DA:876,0
DA:877,0
DA:881,0
DA:885,0
DA:886,0
DA:887,0
DA:890,0
DA:894,0
DA:897,0
DA:902,0
DA:910,0
DA:911,0
DA:923,0
DA:924,0
DA:925,0
DA:927,0
DA:932,0
DA:933,0
DA:944,0
DA:947,0
DA:954,0
DA:955,0
DA:971,1
DA:972,0
DA:973,0
DA:974,0
DA:976,0
DA:984,0
DA:985,0
DA:997,1
DA:998,0
DA:999,0
DA:1000,0
DA:1003,0
DA:1005,0
DA:1006,0
DA:1014,0
DA:1015,0
DA:1017,0
DA:1018,0
DA:1019,0
DA:1021,0
DA:1028,0
DA:1038,0
DA:1039,0
DA:1052,1
DA:1053,0
DA:1054,0
DA:1055,0
DA:1057,0
DA:1058,0
DA:1059,0
DA:1065,0
DA:1069,0
DA:1079,0
DA:1081,0
DA:1089,0
DA:1090,0
DA:1091,0
DA:1093,0
DA:1096,0
DA:1097,0
DA:1098,0
DA:1099,0
DA:1103,0
DA:1107,0
DA:1124,0
DA:1125,0
DA:1132,0
DA:1134,0
DA:1143,0
DA:1146,0
DA:1147,0
DA:1148,0
DA:1149,0
DA:1150,0
DA:1151,0
DA:1152,0
DA:1155,0
DA:1166,1
DA:1169,1
DA:1172,1
DA:1175,1
DA:1178,1
DA:1181,1
DA:1184,1
DA:1187,1
DA:1190,1
DA:1193,1
LF:287
LH:34
BRDA:19,0,0,0
BRDA:19,0,1,1
BRDA:79,1,0,0
BRDA:79,1,1,0
BRDA:79,2,0,0
BRDA:79,2,1,0
BRDA:81,3,0,0
BRDA:81,3,1,0
BRDA:81,4,0,0
BRDA:81,4,1,0
BRDA:99,5,0,0
BRDA:99,5,1,0
BRDA:101,6,0,0
BRDA:101,6,1,0
BRDA:151,7,0,0
BRDA:151,7,1,0
BRDA:153,8,0,0
BRDA:153,8,1,0
BRDA:205,9,0,0
BRDA:205,9,1,0
BRDA:216,10,0,0
BRDA:216,10,1,0
BRDA:217,11,0,0
BRDA:217,11,1,0
BRDA:219,12,0,0
BRDA:219,12,1,0
BRDA:246,13,0,0
BRDA:246,13,1,0
BRDA:290,14,0,0
BRDA:290,14,1,0
BRDA:605,15,0,0
BRDA:605,15,1,0
BRDA:607,16,0,0
BRDA:607,16,1,0
BRDA:607,17,0,0
BRDA:607,17,1,0
BRDA:684,18,0,0
BRDA:684,18,1,0
BRDA:694,19,0,0
BRDA:694,19,1,0
BRDA:757,20,0,0
BRDA:757,20,1,0
BRDA:757,21,0,0
BRDA:757,21,1,0
BRDA:761,22,0,0
BRDA:761,22,1,0
BRDA:761,23,0,0
BRDA:761,23,1,0
BRDA:765,24,0,0
BRDA:765,24,1,0
BRDA:765,25,0,0
BRDA:765,25,1,0
BRDA:765,25,2,0
BRDA:769,26,0,0
BRDA:769,26,1,0
BRDA:769,27,0,0
BRDA:769,27,1,0
BRDA:772,28,0,0
BRDA:772,28,1,0
BRDA:772,29,0,0
BRDA:772,29,1,0
BRDA:775,30,0,0
BRDA:775,30,1,0
BRDA:778,31,0,0
BRDA:778,31,1,0
BRDA:778,32,0,0
BRDA:778,32,1,0
BRDA:795,33,0,0
BRDA:795,33,1,0
BRDA:802,34,0,0
BRDA:802,34,1,0
BRDA:807,35,0,0
BRDA:807,35,1,0
BRDA:812,36,0,0
BRDA:812,36,1,0
BRDA:830,37,0,0
BRDA:830,37,1,0
BRDA:839,38,0,0
BRDA:839,38,1,0
BRDA:842,39,0,0
BRDA:842,39,1,0
BRDA:851,40,0,0
BRDA:851,40,1,0
BRDA:867,41,0,0
BRDA:867,41,1,0
BRDA:876,42,0,0
BRDA:876,42,1,0
BRDA:886,43,0,0
BRDA:886,43,1,0
BRDA:932,44,0,0
BRDA:932,44,1,0
BRDA:1000,45,0,0
BRDA:1000,45,1,0
BRDA:1005,46,0,0
BRDA:1005,46,1,0
BRDA:1005,47,0,0
BRDA:1005,47,1,0
BRDA:1057,48,0,0
BRDA:1057,48,1,0
BRDA:1090,49,0,0
BRDA:1090,49,1,0
BRDA:1091,50,0,0
BRDA:1091,50,1,0
BRDA:1103,51,0,0
BRDA:1103,51,1,0
BRDA:1103,52,0,0
BRDA:1103,52,1,0
BRDA:1110,53,0,0
BRDA:1110,53,1,0
BRDA:1125,54,0,0
BRDA:1125,54,1,0
BRDA:1125,54,2,0
BRDA:1125,54,3,0
BRDA:1125,54,4,0
BRDA:1147,55,0,0
BRDA:1147,55,1,0
BRDA:1149,56,0,0
BRDA:1149,56,1,0
BRDA:1151,57,0,0
BRDA:1151,57,1,0
BRF:120
BRH:1
end_of_record
TN:
SF:src/openAQService.ts
FN:14,tryOpenAQ
FN:42,(anonymous_2)
FN:91,calculateAQI
FNF:3
FNH:0
FNDA:0,tryOpenAQ
FNDA:0,(anonymous_2)
FNDA:0,calculateAQI
DA:2,1
DA:14,1
DA:15,0
DA:16,0
DA:20,0
DA:21,0
DA:22,0
DA:24,0
DA:26,0
DA:27,0
DA:29,0
DA:31,0
DA:33,0
DA:34,0
DA:37,0
DA:38,0
DA:42,0
DA:44,0
DA:45,0
DA:61,0
DA:75,0
DA:76,0
DA:92,0
DA:93,0
DA:94,0
DA:95,0
DA:96,0
LF:27
LH:2
BRDA:29,0,0,0
BRDA:29,0,1,0
BRDA:29,1,0,0
BRDA:29,1,1,0
BRDA:29,1,2,0
BRDA:34,2,0,0
BRDA:34,2,1,0
BRDA:34,3,0,0
BRDA:34,3,1,0
BRDA:34,3,2,0
BRDA:44,4,0,0
BRDA:44,4,1,0
BRDA:49,5,0,0
BRDA:49,5,1,0
BRDA:50,6,0,0
BRDA:50,6,1,0
BRDA:51,7,0,0
BRDA:51,7,1,0
BRDA:92,8,0,0
BRDA:92,8,1,0
BRDA:93,9,0,0
BRDA:93,9,1,0
BRDA:94,10,0,0
BRDA:94,10,1,0
BRDA:95,11,0,0
BRDA:95,11,1,0
BRF:26
BRH:0
end_of_record
TN:
SF:src/syncToAzure.ts
FN:16,initCosmosClient
FN:38,syncTitleVFacilitiesToAzure
FN:49,(anonymous_8)
FN:72,syncSymptomReportsToAzure
FN:85,(anonymous_10)
FN:109,(anonymous_11)
FN:139,(anonymous_12)
FNF:7
FNH:0
FNDA:0,initCosmosClient
FNDA:0,syncTitleVFacilitiesToAzure
FNDA:0,(anonymous_8)
FNDA:0,syncSymptomReportsToAzure
FNDA:0,(anonymous_10)
FNDA:0,(anonymous_11)
FNDA:0,(anonymous_12)
DA:8,1
DA:9,1
DA:10,1
DA:13,1
DA:14,1
DA:17,0
DA:18,0
DA:20,0
DA:21,0
DA:22,0
DA:25,0
DA:26,0
DA:27,0
DA:28,0
DA:30,0
DA:31,0
DA:38,1
DA:39,0
DA:40,0
DA:43,0
DA:45,0
DA:49,0
DA:55,0
DA:57,0
DA:58,0
DA:61,0
DA:63,0
DA:64,0
DA:72,1
DA:73,0
DA:74,0
DA:77,0
DA:79,0
DA:85,0
DA:93,0
DA:95,0
DA:96,0
DA:99,0
DA:101,0
DA:102,0
DA:109,1
DA:110,0
DA:111,0
DA:113,0
DA:114,0
DA:117,0
DA:118,0
DA:121,0
DA:127,0
DA:128,0
DA:138,1
DA:140,0
DA:141,0
DA:142,0
DA:143,0
DA:145,0
DA:146,0
LF:57
LH:9
BRDA:18,0,0,0
BRDA:18,0,1,0
BRDA:20,1,0,0
BRDA:20,1,1,0
BRDA:39,2,0,0
BRDA:39,2,1,0
BRDA:73,3,0,0
BRDA:73,3,1,0
BRDA:111,4,0,0
BRDA:111,4,1,0
BRDA:113,5,0,0
BRDA:113,5,1,0
BRDA:113,6,0,0
BRDA:113,6,1,0
BRDA:117,7,0,0
BRDA:117,7,1,0
BRDA:117,8,0,0
BRDA:117,8,1,0
BRF:18
BRH:0
end_of_record
TN:
SF:src/vcanDataAccess.ts
FN:16,(anonymous_6)
FN:65,(anonymous_7)
FN:67,(anonymous_8)
FN:75,(anonymous_9)
FN:83,(anonymous_10)
FN:124,(anonymous_11)
FN:173,(anonymous_12)
FN:174,(anonymous_13)
FN:182,(anonymous_14)
FN:190,(anonymous_15)
FN:218,(anonymous_16)
FN:219,(anonymous_17)
FN:259,(anonymous_18)
FN:283,(anonymous_19)
FN:284,(anonymous_20)
FN:287,(anonymous_21)
FN:292,(anonymous_22)
FN:294,(anonymous_23)
FN:308,(anonymous_24)
FN:310,(anonymous_25)
FN:320,(anonymous_26)
FN:321,(anonymous_27)
FN:323,(anonymous_28)
FNF:23
FNH:0
FNDA:0,(anonymous_6)
FNDA:0,(anonymous_7)
FNDA:0,(anonymous_8)
FNDA:0,(anonymous_9)
FNDA:0,(anonymous_10)
FNDA:0,(anonymous_11)
FNDA:0,(anonymous_12)
FNDA:0,(anonymous_13)
FNDA:0,(anonymous_14)
FNDA:0,(anonymous_15)
FNDA:0,(anonymous_16)
FNDA:0,(anonymous_17)
FNDA:0,(anonymous_18)
FNDA:0,(anonymous_19)
FNDA:0,(anonymous_20)
FNDA:0,(anonymous_21)
FNDA:0,(anonymous_22)
FNDA:0,(anonymous_23)
FNDA:0,(anonymous_24)
FNDA:0,(anonymous_25)
FNDA:0,(anonymous_26)
FNDA:0,(anonymous_27)
FNDA:0,(anonymous_28)
DA:8,1
DA:9,1
DA:10,1
DA:16,1
DA:17,0
DA:19,0
DA:20,0
DA:21,0
DA:22,0
DA:23,0
DA:24,0
DA:28,0
DA:29,0
DA:30,0
DA:39,0
DA:42,0
DA:43,0
DA:44,0
DA:48,0
DA:52,0
DA:53,0
DA:55,0
DA:56,0
DA:60,0
DA:61,0
DA:64,0
DA:65,0
DA:67,0
DA:73,0
DA:74,0
DA:75,0
DA:76,0
DA:77,0
DA:82,0
DA:83,0
DA:87,0
DA:101,0
DA:112,0
DA:113,0
DA:124,1
DA:125,0
DA:127,0
DA:128,0
DA:129,0
DA:130,0
DA:131,0
DA:132,0
DA:136,0
DA:137,0
DA:139,0
DA:140,0
DA:141,0
DA:151,0
DA:154,0
DA:155,0
DA:156,0
DA:160,0
DA:163,0
DA:164,0
DA:166,0
DA:167,0
DA:170,0
DA:171,0
DA:172,0
DA:173,0
DA:174,0
DA:180,0
DA:181,0
DA:182,0
DA:183,0
DA:184,0
DA:189,0
DA:190,0
DA:194,0
DA:208,0
DA:210,0
DA:211,0
DA:212,0
DA:215,0
DA:216,0
DA:219,0
DA:220,0
DA:221,0
DA:222,0
DA:224,0
DA:229,0
DA:230,0
DA:231,0
DA:234,0
DA:247,0
DA:248,0
DA:259,1
DA:260,0
DA:262,0
DA:263,0
DA:264,0
DA:265,0
DA:266,0
DA:267,0
DA:271,0
DA:272,0
DA:273,0
DA:276,0
DA:282,0
DA:283,0
DA:284,0
DA:287,0
DA:288,0
DA:291,0
DA:292,0
DA:293,0
DA:294,0
DA:295,0
DA:301,0
DA:308,0
DA:309,0
DA:310,0
DA:311,0
DA:312,0
DA:319,0
DA:320,0
DA:321,0
DA:322,0
DA:323,0
DA:326,0
DA:354,0
DA:367,0
DA:372,0
DA:373,0
LF:129
LH:6
BRDA:20,0,0,0
BRDA:20,0,1,0
BRDA:29,1,0,0
BRDA:29,1,1,0
BRDA:30,2,0,0
BRDA:30,2,1,0
BRDA:34,3,0,0
BRDA:38,4,0,0
BRDA:42,5,0,0
BRDA:42,5,1,0
BRDA:52,6,0,0
BRDA:52,6,1,0
BRDA:55,7,0,0
BRDA:55,7,1,0
BRDA:74,8,0,0
BRDA:74,8,1,0
BRDA:76,9,0,0
BRDA:76,9,1,0
BRDA:76,10,0,0
BRDA:76,10,1,0
BRDA:92,11,0,0
BRDA:92,11,1,0
BRDA:128,12,0,0
BRDA:128,12,1,0
BRDA:139,13,0,0
BRDA:139,13,1,0
BRDA:139,14,0,0
BRDA:139,14,1,0
BRDA:146,15,0,0
BRDA:147,16,0,0
BRDA:154,17,0,0
BRDA:154,17,1,0
BRDA:163,18,0,0
BRDA:163,18,1,0
BRDA:166,19,0,0
BRDA:166,19,1,0
BRDA:181,20,0,0
BRDA:181,20,1,0
BRDA:183,21,0,0
BRDA:183,21,1,0
BRDA:183,22,0,0
BRDA:183,22,1,0
BRDA:208,23,0,0
BRDA:208,23,1,0
BRDA:210,24,0,0
BRDA:210,24,1,0
BRDA:221,25,0,0
BRDA:221,25,1,0
BRDA:263,26,0,0
BRDA:263,26,1,0
BRDA:287,27,0,0
BRDA:287,27,1,0
BRDA:288,28,0,0
BRDA:288,28,1,0
BRDA:293,29,0,0
BRDA:293,29,1,0
BRDA:295,30,0,0
BRDA:295,30,1,0
BRDA:295,31,0,0
BRDA:295,31,1,0
BRDA:309,32,0,0
BRDA:309,32,1,0
BRDA:311,33,0,0
BRDA:311,33,1,0
BRDA:312,34,0,0
BRDA:312,34,1,0
BRDA:321,35,0,0
BRDA:321,35,1,0
BRDA:322,36,0,0
BRDA:322,36,1,0
BRDA:340,37,0,0
BRDA:340,37,1,0
BRDA:341,38,0,0
BRDA:341,38,1,0
BRDA:342,39,0,0
BRDA:342,39,1,0
BRDA:343,40,0,0
BRDA:343,40,1,0
BRDA:344,41,0,0
BRDA:344,41,1,0
BRF:80
BRH:0
end_of_record
TN:
SF:src/wprdcService.ts
FN:41,fetchACHDWPRDC
FN:222,calculateAQI
FN:233,getAllACHDSites
FN:283,(anonymous_4)
FNF:4
FNH:0
FNDA:0,fetchACHDWPRDC
FNDA:0,calculateAQI
FNDA:0,getAllACHDSites
FNDA:0,(anonymous_4)
DA:5,1
DA:41,1
DA:47,0
DA:48,0
DA:51,0
DA:52,0
DA:55,0
DA:69,0
DA:71,0
DA:72,0
DA:75,0
DA:88,0
DA:90,0
DA:91,0
DA:94,0
DA:95,0
DA:97,0
DA:112,0
DA:113,0
DA:116,0
DA:117,0
DA:118,0
DA:121,0
DA:122,0
DA:124,0
DA:125,0
DA:126,0
DA:129,0
DA:135,0
DA:136,0
DA:149,0
DA:150,0
DA:151,0
DA:157,0
DA:158,0
DA:171,0
DA:172,0
DA:173,0
DA:179,0
DA:185,0
DA:201,0
DA:204,0
DA:223,0
DA:224,0
DA:225,0
DA:226,0
DA:227,0
DA:233,1
DA:238,0
DA:239,0
DA:240,0
DA:243,0
DA:255,0
DA:257,0
DA:258,0
DA:262,0
DA:264,0
DA:265,0
DA:266,0
DA:274,0
DA:283,0
DA:290,0
DA:291,0
LF:63
LH:3
BRDA:71,0,0,0
BRDA:71,0,1,0
BRDA:71,1,0,0
BRDA:71,1,1,0
BRDA:71,1,2,0
BRDA:90,2,0,0
BRDA:90,2,1,0
BRDA:90,3,0,0
BRDA:90,3,1,0
BRDA:90,3,2,0
BRDA:116,4,0,0
BRDA:116,4,1,0
BRDA:116,5,0,0
BRDA:116,5,1,0
BRDA:116,5,2,0
BRDA:124,6,0,0
BRDA:124,6,1,0
BRDA:150,7,0,0
BRDA:150,7,1,0
BRDA:150,8,0,0
BRDA:150,8,1,0
BRDA:150,8,2,0
BRDA:172,9,0,0
BRDA:172,9,1,0
BRDA:172,10,0,0
BRDA:172,10,1,0
BRDA:172,10,2,0
BRDA:223,11,0,0
BRDA:223,11,1,0
BRDA:224,12,0,0
BRDA:224,12,1,0
BRDA:225,13,0,0
BRDA:225,13,1,0
BRDA:226,14,0,0
BRDA:226,14,1,0
BRDA:257,15,0,0
BRDA:257,15,1,0
BRDA:257,16,0,0
BRDA:257,16,1,0
BRDA:257,16,2,0
BRDA:265,17,0,0
BRDA:265,17,1,0
BRDA:285,18,0,0
BRDA:285,18,1,0
BRF:44
BRH:0
end_of_record
